<?xml version="1.0" encoding="utf-8"?><testsuites name="pytest tests"><testsuite name="pytest" errors="0" failures="0" skipped="0" tests="26" time="21.911" timestamp="2026-06-08T13:22:33.142895+00:00" hostname="agent-env-90be6e09-f108-40f7-baec-b92dd52a1cfa"><testcase classname="backend.tests.backend_test.TestHealth" name="test_root" time="0.048" /><testcase classname="backend.tests.backend_test.TestAuth" name="test_signup_and_login" time="0.542" /><testcase classname="backend.tests.backend_test.TestAuth" name="test_signup_duplicate_email" time="0.045" /><testcase classname="backend.tests.backend_test.TestAuth" name="test_login_invalid_credentials" time="0.045" /><testcase classname="backend.tests.backend_test.TestAuth" name="test_me_requires_auth" time="0.044" /><testcase classname="backend.tests.backend_test.TestAuth" name="test_me_with_token" time="0.045" /><testcase classname="backend.tests.backend_test.TestAuth" name="test_me_invalid_token" time="0.045" /><testcase classname="backend.tests.backend_test.TestTripGeneration" name="test_generate_requires_auth" time="0.044" /><testcase classname="backend.tests.backend_test.TestTripGeneration" name="test_generate_returns_valid_itinerary" time="19.393" /><testcase classname="backend.tests.backend_test.TestTripCRUD" name="test_list_trips_requires_auth" time="0.045" /><testcase classname="backend.tests.backend_test.TestTripCRUD" name="test_list_trips_includes_generated" time="0.005" /><testcase classname="backend.tests.backend_test.TestTripCRUD" name="test_get_trip_by_id" time="0.004" /><testcase classname="backend.tests.backend_test.TestTripCRUD" name="test_get_trip_other_user_returns_404" time="0.045" /><testcase classname="backend.tests.backend_test.TestTripCRUD" name="test_new_user_has_no_trips" time="0.045" /><testcase classname="backend.tests.backend_test.TestPhotos" name="test_upload_requires_auth" time="0.043" /><testcase classname="backend.tests.backend_test.TestPhotos" name="test_upload_to_other_users_trip_returns_404" time="0.070" /><testcase classname="backend.tests.backend_test.TestPhotos" name="test_uploaded_photo_metadata" time="0.231" /><testcase classname="backend.tests.backend_test.TestPhotos" name="test_list_photos_returns_uploaded" time="0.046" /><testcase classname="backend.tests.backend_test.TestPhotos" name="test_download_with_header_auth" time="0.187" /><testcase classname="backend.tests.backend_test.TestPhotos" name="test_download_with_query_token" time="0.203" /><testcase classname="backend.tests.backend_test.TestPhotos" name="test_download_no_auth_fails" time="0.030" /><testcase classname="backend.tests.backend_test.TestPhotos" name="test_download_other_user_returns_404" time="0.069" /><testcase classname="backend.tests.backend_test.TestPhotos" name="test_delete_other_user_returns_404" time="0.006" /><testcase classname="backend.tests.backend_test.TestPhotos" name="test_delete_photo_soft_deletes" time="0.398" /><testcase classname="backend.tests.backend_test.TestTripDelete" name="test_delete_other_user_returns_404" time="0.046" /><testcase classname="backend.tests.backend_test.TestTripDelete" name="test_delete_own_trip" time="0.092" /></testsuite></testsuites>